<?xml version="1.0" encoding="UTF-8"?>
<!-- Generated by org.testng.reporters.JUnitReportReporter -->
<testsuite hostname="DESKTOP-SP68SA8" failures="0" tests="1" name="ExecuteTests.HomeTest" time="37.718" errors="0" timestamp="2022-08-16T07:49:01 IST" skipped="0">
  <testcase classname="ExecuteTests.HomeTest" name="verify_whether_Logo_Displayes" time="37.718"/>
  <system-out/>
</testsuite> <!-- ExecuteTests.HomeTest -->
