<?xml version="1.0" encoding="UTF-8"?>
<!-- Generated by org.testng.reporters.JUnitReportReporter -->
<testsuite hostname="DESKTOP-SP68SA8" failures="0" tests="1" name="ExecuteTests.TableTest" time="21.613" errors="0" timestamp="2022-08-18T09:08:10 IST" skipped="0">
  <testcase classname="ExecuteTests.TableTest" name="verifyTextNames" time="21.613"/>
  <system-out/>
</testsuite> <!-- ExecuteTests.TableTest -->
