<?xml version="1.0" encoding="UTF-8"?>
<!-- Generated by org.testng.reporters.JUnitReportReporter -->
<testsuite hostname="DESKTOP-SP68SA8" failures="0" tests="1" name="ExecuteTests.InputFormTest" time="25.777" errors="0" timestamp="2022-08-18T07:43:11 IST" skipped="0">
  <testcase classname="ExecuteTests.InputFormTest" name="VerifyStates" time="25.777"/>
  <system-out/>
</testsuite> <!-- ExecuteTests.InputFormTest -->
