<?xml version="1.0" encoding="UTF-8"?>
<!-- Generated by org.testng.reporters.JUnitReportReporter -->
<testsuite hostname="DESKTOP-SP68SA8" failures="0" tests="1" name="ExecuteTests.DatePickersTest" time="42.057" errors="0" timestamp="2022-08-17T09:12:48 IST" skipped="0">
  <testcase classname="ExecuteTests.DatePickersTest" name="verifyDatePicker" time="42.057"/>
  <system-out/>
</testsuite> <!-- ExecuteTests.DatePickersTest -->
